Tue Mar 28 2017 18:32:50 GMT-0700 (MST): GET | /
Tue Mar 28 2017 18:32:59 GMT-0700 (MST): GET | /about
Tue Mar 28 2017 18:44:52 GMT-0700 (MST): GET | /
Tue Mar 28 2017 18:44:54 GMT-0700 (MST): GET | /
Tue Mar 28 2017 18:44:56 GMT-0700 (MST): GET | /about
Tue Mar 28 2017 18:45:00 GMT-0700 (MST): GET | /meow
Tue Mar 28 2017 18:45:33 GMT-0700 (MST): GET | /meow
Tue Mar 28 2017 18:45:35 GMT-0700 (MST): GET | /meow
Tue Mar 28 2017 18:45:55 GMT-0700 (MST): GET | /meow
Tue Mar 28 2017 18:46:40 GMT-0700 (MST): GET | /
Tue Mar 28 2017 18:46:46 GMT-0700 (MST): GET | /kjhkjh
Tue Mar 28 2017 18:47:52 GMT-0700 (MST): GET | /kjhkjh
Tue Mar 28 2017 18:56:34 GMT-0700 (MST): GET | /
Tue Mar 28 2017 18:56:42 GMT-0700 (MST): GET | /maintenance
Tue Mar 28 2017 18:56:44 GMT-0700 (MST): GET | /about
Tue Mar 28 2017 18:56:45 GMT-0700 (MST): GET | /
Tue Mar 28 2017 18:57:47 GMT-0700 (MST): GET | /moo
Tue Mar 28 2017 19:06:48 GMT-0700 (MST): GET | /
Wed Mar 29 2017 16:32:57 GMT-0700 (MST): GET | /
Wed Mar 29 2017 16:33:00 GMT-0700 (MST): GET | /
Wed Mar 29 2017 16:34:10 GMT-0700 (MST): GET | /
Wed Mar 29 2017 16:34:12 GMT-0700 (MST): GET | /about
Wed Mar 29 2017 16:34:13 GMT-0700 (MST): GET | /
Wed Mar 29 2017 16:34:14 GMT-0700 (MST): GET | /about
Wed Mar 29 2017 16:34:15 GMT-0700 (MST): GET | /
